<?xml version="1.0" encoding="UTF-8"?>
<testsuite name="OrderTest" tests="2" skipped="0" failures="0" errors="0" timestamp="2022-08-18T00:53:01" hostname="LAPTOP-64MRVHGS" time="0.126">
  <properties/>
  <testcase name="testAddingExpiredBread()" classname="OrderTest" time="0.029"/>
  <testcase name="testCreationOfReceiptFromOrder()" classname="OrderTest" time="0.096"/>
  <system-out><![CDATA[]]></system-out>
  <system-err><![CDATA[]]></system-err>
</testsuite>
